
> front-end@1.0.0 start
> react-scripts start

[34mℹ[39m [90m｢wds｣[39m: Project is running at http://172.17.0.2/
[34mℹ[39m [90m｢wds｣[39m: webpack output is served from 
[34mℹ[39m [90m｢wds｣[39m: Content not from webpack is served from /root/Library/front/public
[34mℹ[39m [90m｢wds｣[39m: 404s will fallback to /
Starting the development server...

events.js:352
      throw er; // Unhandled 'error' event
      ^

Error: EBADF: bad file descriptor, read
Emitted 'error' event on ReadStream instance at:
    at internal/fs/streams.js:173:14
    at FSReqCallback.wrapper [as oncomplete] (fs.js:561:5) {
  errno: -9,
  code: 'EBADF',
  syscall: 'read'
}

> front-end@1.0.0 start
> react-scripts start

[34mℹ[39m [90m｢wds｣[39m: Project is running at http://172.17.0.2/
[34mℹ[39m [90m｢wds｣[39m: webpack output is served from 
[34mℹ[39m [90m｢wds｣[39m: Content not from webpack is served from /root/Library/front/public
[34mℹ[39m [90m｢wds｣[39m: 404s will fallback to /
Starting the development server...

events.js:352
      throw er; // Unhandled 'error' event
      ^

Error: EBADF: bad file descriptor, read
Emitted 'error' event on ReadStream instance at:
    at internal/fs/streams.js:173:14
    at FSReqCallback.wrapper [as oncomplete] (fs.js:561:5) {
  errno: -9,
  code: 'EBADF',
  syscall: 'read'
}

> front-end@1.0.0 start
> react-scripts start

[34mℹ[39m [90m｢wds｣[39m: Project is running at http://172.17.0.2/
[34mℹ[39m [90m｢wds｣[39m: webpack output is served from 
[34mℹ[39m [90m｢wds｣[39m: Content not from webpack is served from /root/Library/front/public
[34mℹ[39m [90m｢wds｣[39m: 404s will fallback to /
Starting the development server...

events.js:352
      throw er; // Unhandled 'error' event
      ^

Error: EBADF: bad file descriptor, read
Emitted 'error' event on ReadStream instance at:
    at internal/fs/streams.js:173:14
    at FSReqCallback.wrapper [as oncomplete] (fs.js:561:5) {
  errno: -9,
  code: 'EBADF',
  syscall: 'read'
}

> front-end@1.0.0 start
> react-scripts start

[34mℹ[39m [90m｢wds｣[39m: Project is running at http://172.17.0.2/
[34mℹ[39m [90m｢wds｣[39m: webpack output is served from 
[34mℹ[39m [90m｢wds｣[39m: Content not from webpack is served from /root/Library/front/public
[34mℹ[39m [90m｢wds｣[39m: 404s will fallback to /
Starting the development server...

events.js:352
      throw er; // Unhandled 'error' event
      ^

Error: EBADF: bad file descriptor, read
Emitted 'error' event on ReadStream instance at:
    at internal/fs/streams.js:173:14
    at FSReqCallback.wrapper [as oncomplete] (fs.js:561:5) {
  errno: -9,
  code: 'EBADF',
  syscall: 'read'
}
